<?xml version="1.0" encoding="UTF-8"?>
<testsuite name="TestSuite" time="6.773" tests="3" errors="0" skipped="0" failures="3">
  <properties>
[...]
</properties>
  <testcase name="testcase1" classname="testcase.TC001" time="2.452">
    <failure message="Returned value cannot be converted to WebElement: {stacktrace=Backtrace:&#10;	GetHandleVerifier [0x0089A813+48355]&#10;	(No symbol) [0x0082C4B1]&#10;	(No symbol) [0x00735220]&#10;	(No symbol) [0x00757C7C]&#10;	(No symbol) [0x0077A636]&#10;	(No symbol) [0x007770CD]&#10;	(No symbol) [0x00776B3A]&#10;	(No symbol) [0x00715311]&#10;	(No symbol) [0x0071571E]&#10;	(No symbol) [0x00715AFA]&#10;	GetHandleVerifier [0x00AFAABD+2539405]&#10;	GetHandleVerifier [0x00B3A78F+2800735]&#10;	GetHandleVerifier [0x00B3456C+2775612]&#10;	GetHandleVerifier [0x009251E0+616112]&#10;	(No symbol) [0x00835F8C]&#10;	(No symbol) [0x00714F64]&#10;	(No symbol) [0x00714912]&#10;	GetHandleVerifier [0x00B6159C+2959980]&#10;	BaseThreadInitThunk [0x75A9FCC9+25]&#10;	RtlGetAppContainerNamedObjectPath [0x775C7B1E+286]&#10;	RtlGetAppContainerNamedObjectPath [0x775C7AEE+238]&#10;, error=invalid session id, message=invalid session id}&#10;Build info: version: &apos;3.1.0&apos;, revision: &apos;b94c902&apos;, time: &apos;2017-02-16 12:21:31 -0800&apos;&#10;System info: host: &apos;LT-2001071&apos;, ip: &apos;192.168.8.111&apos;, os.name: &apos;Windows 10&apos;, os.arch: &apos;amd64&apos;, os.version: &apos;10.0&apos;, java.version: &apos;16.0.2&apos;&#10;Driver info: driver.version: RemoteWebDriver" type="org.openqa.selenium.WebDriverException">org.openqa.selenium.WebDriverException: Returned value cannot be converted to WebElement: {stacktrace=Backtrace:
	GetHandleVerifier [0x0089A813+48355]
	(No symbol) [0x0082C4B1]
	(No symbol) [0x00735220]
	(No symbol) [0x00757C7C]
	(No symbol) [0x0077A636]
	(No symbol) [0x007770CD]
	(No symbol) [0x00776B3A]
	(No symbol) [0x00715311]
	(No symbol) [0x0071571E]
	(No symbol) [0x00715AFA]
	GetHandleVerifier [0x00AFAABD+2539405]
	GetHandleVerifier [0x00B3A78F+2800735]
	GetHandleVerifier [0x00B3456C+2775612]
	GetHandleVerifier [0x009251E0+616112]
	(No symbol) [0x00835F8C]
	(No symbol) [0x00714F64]
	(No symbol) [0x00714912]
	GetHandleVerifier [0x00B6159C+2959980]
	BaseThreadInitThunk [0x75A9FCC9+25]
	RtlGetAppContainerNamedObjectPath [0x775C7B1E+286]
	RtlGetAppContainerNamedObjectPath [0x775C7AEE+238]
, error=invalid session id, message=invalid session id}
Build info: version: '3.1.0', revision: 'b94c902', time: '2017-02-16 12:21:31 -0800'
System info: host: 'LT-2001071', ip: '192.168.8.111', os.name: 'Windows 10', os.arch: 'amd64', os.version: '10.0', java.version: '16.0.2'
Driver info: driver.version: RemoteWebDriver
	at org.openqa.selenium.remote.RemoteWebDriver.findElement(RemoteWebDriver.java:373)
	at org.openqa.selenium.remote.RemoteWebDriver.findElementById(RemoteWebDriver.java:417)
	at testcase.TC001.testcase1(TC001.java:28)
</failure>
    <system-out><![CDATA[[TestNGContentHandler] [WARN] It is strongly recommended to add "<!DOCTYPE suite SYSTEM "http://testng.org/testng-1.0.dtd" >" at the top of your file, otherwise TestNG may fail or not work as expected.
854c49e59a40077a5732db4b86e86219
]]></system-out>
    <system-err><![CDATA[Starting ChromeDriver 114.0.5735.90 (386bc09e8f4f2e025eddae123f36f6263096ae49-refs/branch-heads/5735@{#1052}) on port 1104
Only local connections are allowed.
Please see https://chromedriver.chromium.org/security-considerations for suggestions on keeping ChromeDriver safe.
ChromeDriver was started successfully.
Okt. 11, 2023 6:23:26 PM org.openqa.selenium.remote.ProtocolHandshake createSession
INFO: Detected dialect: OSS
]]></system-err>
  </testcase>
  <testcase name="testcase1" classname="testcase.TC002" time="2.076">
    <failure message="Returned value cannot be converted to WebElement: {stacktrace=Backtrace:&#10;	GetHandleVerifier [0x0089A813+48355]&#10;	(No symbol) [0x0082C4B1]&#10;	(No symbol) [0x00735220]&#10;	(No symbol) [0x00757C7C]&#10;	(No symbol) [0x0077A636]&#10;	(No symbol) [0x007770CD]&#10;	(No symbol) [0x00776B3A]&#10;	(No symbol) [0x00715311]&#10;	(No symbol) [0x0071571E]&#10;	(No symbol) [0x00715AFA]&#10;	GetHandleVerifier [0x00AFAABD+2539405]&#10;	GetHandleVerifier [0x00B3A78F+2800735]&#10;	GetHandleVerifier [0x00B3456C+2775612]&#10;	GetHandleVerifier [0x009251E0+616112]&#10;	(No symbol) [0x00835F8C]&#10;	(No symbol) [0x00714F64]&#10;	(No symbol) [0x00714912]&#10;	GetHandleVerifier [0x00B6159C+2959980]&#10;	BaseThreadInitThunk [0x75A9FCC9+25]&#10;	RtlGetAppContainerNamedObjectPath [0x775C7B1E+286]&#10;	RtlGetAppContainerNamedObjectPath [0x775C7AEE+238]&#10;, error=invalid session id, message=invalid session id}&#10;Build info: version: &apos;3.1.0&apos;, revision: &apos;b94c902&apos;, time: &apos;2017-02-16 12:21:31 -0800&apos;&#10;System info: host: &apos;LT-2001071&apos;, ip: &apos;192.168.8.111&apos;, os.name: &apos;Windows 10&apos;, os.arch: &apos;amd64&apos;, os.version: &apos;10.0&apos;, java.version: &apos;16.0.2&apos;&#10;Driver info: driver.version: RemoteWebDriver" type="org.openqa.selenium.WebDriverException">org.openqa.selenium.WebDriverException: Returned value cannot be converted to WebElement: {stacktrace=Backtrace:
	GetHandleVerifier [0x0089A813+48355]
	(No symbol) [0x0082C4B1]
	(No symbol) [0x00735220]
	(No symbol) [0x00757C7C]
	(No symbol) [0x0077A636]
	(No symbol) [0x007770CD]
	(No symbol) [0x00776B3A]
	(No symbol) [0x00715311]
	(No symbol) [0x0071571E]
	(No symbol) [0x00715AFA]
	GetHandleVerifier [0x00AFAABD+2539405]
	GetHandleVerifier [0x00B3A78F+2800735]
	GetHandleVerifier [0x00B3456C+2775612]
	GetHandleVerifier [0x009251E0+616112]
	(No symbol) [0x00835F8C]
	(No symbol) [0x00714F64]
	(No symbol) [0x00714912]
	GetHandleVerifier [0x00B6159C+2959980]
	BaseThreadInitThunk [0x75A9FCC9+25]
	RtlGetAppContainerNamedObjectPath [0x775C7B1E+286]
	RtlGetAppContainerNamedObjectPath [0x775C7AEE+238]
, error=invalid session id, message=invalid session id}
Build info: version: '3.1.0', revision: 'b94c902', time: '2017-02-16 12:21:31 -0800'
System info: host: 'LT-2001071', ip: '192.168.8.111', os.name: 'Windows 10', os.arch: 'amd64', os.version: '10.0', java.version: '16.0.2'
Driver info: driver.version: RemoteWebDriver
	at org.openqa.selenium.remote.RemoteWebDriver.findElement(RemoteWebDriver.java:373)
	at org.openqa.selenium.remote.RemoteWebDriver.findElementById(RemoteWebDriver.java:417)
	at testcase.TC002.testcase1(TC002.java:28)
</failure>
    <system-out><![CDATA[e14bb6924828f2fdeb7f4a5c71376c68
]]></system-out>
    <system-err><![CDATA[Starting ChromeDriver 114.0.5735.90 (386bc09e8f4f2e025eddae123f36f6263096ae49-refs/branch-heads/5735@{#1052}) on port 22324
Only local connections are allowed.
Please see https://chromedriver.chromium.org/security-considerations for suggestions on keeping ChromeDriver safe.
ChromeDriver was started successfully.
Okt. 11, 2023 6:23:28 PM org.openqa.selenium.remote.ProtocolHandshake createSession
INFO: Detected dialect: OSS
]]></system-err>
  </testcase>
  <testcase name="testcase1" classname="testcase.TC003" time="2.245">
    <failure message="Returned value cannot be converted to WebElement: {stacktrace=Backtrace:&#10;	GetHandleVerifier [0x0089A813+48355]&#10;	(No symbol) [0x0082C4B1]&#10;	(No symbol) [0x00735220]&#10;	(No symbol) [0x00757C7C]&#10;	(No symbol) [0x0077A636]&#10;	(No symbol) [0x007770CD]&#10;	(No symbol) [0x00776B3A]&#10;	(No symbol) [0x00715311]&#10;	(No symbol) [0x0071571E]&#10;	(No symbol) [0x00715AFA]&#10;	GetHandleVerifier [0x00AFAABD+2539405]&#10;	GetHandleVerifier [0x00B3A78F+2800735]&#10;	GetHandleVerifier [0x00B3456C+2775612]&#10;	GetHandleVerifier [0x009251E0+616112]&#10;	(No symbol) [0x00835F8C]&#10;	(No symbol) [0x00714F64]&#10;	(No symbol) [0x00714912]&#10;	GetHandleVerifier [0x00B6159C+2959980]&#10;	BaseThreadInitThunk [0x75A9FCC9+25]&#10;	RtlGetAppContainerNamedObjectPath [0x775C7B1E+286]&#10;	RtlGetAppContainerNamedObjectPath [0x775C7AEE+238]&#10;, error=invalid session id, message=invalid session id}&#10;Build info: version: &apos;3.1.0&apos;, revision: &apos;b94c902&apos;, time: &apos;2017-02-16 12:21:31 -0800&apos;&#10;System info: host: &apos;LT-2001071&apos;, ip: &apos;192.168.8.111&apos;, os.name: &apos;Windows 10&apos;, os.arch: &apos;amd64&apos;, os.version: &apos;10.0&apos;, java.version: &apos;16.0.2&apos;&#10;Driver info: driver.version: RemoteWebDriver" type="org.openqa.selenium.WebDriverException">org.openqa.selenium.WebDriverException: Returned value cannot be converted to WebElement: {stacktrace=Backtrace:
	GetHandleVerifier [0x0089A813+48355]
	(No symbol) [0x0082C4B1]
	(No symbol) [0x00735220]
	(No symbol) [0x00757C7C]
	(No symbol) [0x0077A636]
	(No symbol) [0x007770CD]
	(No symbol) [0x00776B3A]
	(No symbol) [0x00715311]
	(No symbol) [0x0071571E]
	(No symbol) [0x00715AFA]
	GetHandleVerifier [0x00AFAABD+2539405]
	GetHandleVerifier [0x00B3A78F+2800735]
	GetHandleVerifier [0x00B3456C+2775612]
	GetHandleVerifier [0x009251E0+616112]
	(No symbol) [0x00835F8C]
	(No symbol) [0x00714F64]
	(No symbol) [0x00714912]
	GetHandleVerifier [0x00B6159C+2959980]
	BaseThreadInitThunk [0x75A9FCC9+25]
	RtlGetAppContainerNamedObjectPath [0x775C7B1E+286]
	RtlGetAppContainerNamedObjectPath [0x775C7AEE+238]
, error=invalid session id, message=invalid session id}
Build info: version: '3.1.0', revision: 'b94c902', time: '2017-02-16 12:21:31 -0800'
System info: host: 'LT-2001071', ip: '192.168.8.111', os.name: 'Windows 10', os.arch: 'amd64', os.version: '10.0', java.version: '16.0.2'
Driver info: driver.version: RemoteWebDriver
	at org.openqa.selenium.remote.RemoteWebDriver.findElement(RemoteWebDriver.java:373)
	at org.openqa.selenium.remote.RemoteWebDriver.findElementById(RemoteWebDriver.java:417)
	at testcase.TC003.testcase1(TC003.java:28)
</failure>
    <system-out><![CDATA[c422481452e56579b7e2268fa10ad098
]]></system-out>
    <system-err><![CDATA[Starting ChromeDriver 114.0.5735.90 (386bc09e8f4f2e025eddae123f36f6263096ae49-refs/branch-heads/5735@{#1052}) on port 25497
Only local connections are allowed.
Please see https://chromedriver.chromium.org/security-considerations for suggestions on keeping ChromeDriver safe.
ChromeDriver was started successfully.
Okt. 11, 2023 6:23:30 PM org.openqa.selenium.remote.ProtocolHandshake createSession
INFO: Detected dialect: OSS
]]></system-err>
  </testcase>
</testsuite>