<?xml version="1.0" encoding="UTF-8"?>
<!-- Generated by org.testng.reporters.JUnitXMLReporter -->
<testsuite ignored="0" hostname="LT-2001071" failures="3" tests="3" name="Test" time="6.791" errors="0" timestamp="11 Okt. 2023 16:23:30 GMT">
  <testcase classname="testcase.TC001" name="testcase1" time="2.444">
    <failure type="org.openqa.selenium.WebDriverException" message="Returned value cannot be converted to WebElement: {stacktrace=Backtrace:
	GetHandleVerifier [0x0089A813+48355]
	(No symbol) [0x0082C4B1]
	(No symbol) [0x00735220]
	(No symbol) [0x00757C7C]
	(No symbol) [0x0077A636]
	(No symbol) [0x007770CD]
	(No symbol) [0x00776B3A]
	(No symbol) [0x00715311]
	(No symbol) [0x0071571E]
	(No symbol) [0x00715AFA]
	GetHandleVerifier [0x00AFAABD+2539405]
	GetHandleVerifier [0x00B3A78F+2800735]
	GetHandleVerifier [0x00B3456C+2775612]
	GetHandleVerifier [0x009251E0+616112]
	(No symbol) [0x00835F8C]
	(No symbol) [0x00714F64]
	(No symbol) [0x00714912]
	GetHandleVerifier [0x00B6159C+2959980]
	BaseThreadInitThunk [0x75A9FCC9+25]
	RtlGetAppContainerNamedObjectPath [0x775C7B1E+286]
	RtlGetAppContainerNamedObjectPath [0x775C7AEE+238]
, error=invalid session id, message=invalid session id}
Build info: version: &amp;apos;3.1.0&amp;apos;, revision: &amp;apos;b94c902&amp;apos;, time: &amp;apos;2017-02-16 12:21:31 -0800&amp;apos;
System info: host: &amp;apos;LT-2001071&amp;apos;, ip: &amp;apos;192.168.8.111&amp;apos;, os.name: &amp;apos;Windows 10&amp;apos;, os.arch: &amp;apos;amd64&amp;apos;, os.version: &amp;apos;10.0&amp;apos;, java.version: &amp;apos;16.0.2&amp;apos;
Driver info: driver.version: RemoteWebDriver">
      <![CDATA[org.openqa.selenium.WebDriverException: Returned value cannot be converted to WebElement: {stacktrace=Backtrace:
	GetHandleVerifier [0x0089A813+48355]
	(No symbol) [0x0082C4B1]
	(No symbol) [0x00735220]
	(No symbol) [0x00757C7C]
	(No symbol) [0x0077A636]
	(No symbol) [0x007770CD]
	(No symbol) [0x00776B3A]
	(No symbol) [0x00715311]
	(No symbol) [0x0071571E]
	(No symbol) [0x00715AFA]
	GetHandleVerifier [0x00AFAABD+2539405]
	GetHandleVerifier [0x00B3A78F+2800735]
	GetHandleVerifier [0x00B3456C+2775612]
	GetHandleVerifier [0x009251E0+616112]
	(No symbol) [0x00835F8C]
	(No symbol) [0x00714F64]
	(No symbol) [0x00714912]
	GetHandleVerifier [0x00B6159C+2959980]
	BaseThreadInitThunk [0x75A9FCC9+25]
	RtlGetAppContainerNamedObjectPath [0x775C7B1E+286]
	RtlGetAppContainerNamedObjectPath [0x775C7AEE+238]
, error=invalid session id, message=invalid session id}
Build info: version: '3.1.0', revision: 'b94c902', time: '2017-02-16 12:21:31 -0800'
System info: host: 'LT-2001071', ip: '192.168.8.111', os.name: 'Windows 10', os.arch: 'amd64', os.version: '10.0', java.version: '16.0.2'
Driver info: driver.version: RemoteWebDriver
	at org.openqa.selenium.remote.RemoteWebDriver.findElement(RemoteWebDriver.java:375)
	at org.openqa.selenium.remote.RemoteWebDriver.findElementById(RemoteWebDriver.java:417)
	at testcase.TC001.testcase1(TC001.java:28)
Caused by: java.lang.ClassCastException: class com.google.common.collect.Maps$TransformedEntriesMap cannot be cast to class org.openqa.selenium.WebElement (com.google.common.collect.Maps$TransformedEntriesMap and org.openqa.selenium.WebElement are in unnamed module of loader 'app')
	at org.openqa.selenium.remote.RemoteWebDriver.findElement(RemoteWebDriver.java:373)
	... 30 more
... Removed 28 stack frames]]>
    </failure>
  </testcase> <!-- testcase1 -->
  <testcase classname="testcase.TC002" name="testcase1" time="2.076">
    <failure type="org.openqa.selenium.WebDriverException" message="Returned value cannot be converted to WebElement: {stacktrace=Backtrace:
	GetHandleVerifier [0x0089A813+48355]
	(No symbol) [0x0082C4B1]
	(No symbol) [0x00735220]
	(No symbol) [0x00757C7C]
	(No symbol) [0x0077A636]
	(No symbol) [0x007770CD]
	(No symbol) [0x00776B3A]
	(No symbol) [0x00715311]
	(No symbol) [0x0071571E]
	(No symbol) [0x00715AFA]
	GetHandleVerifier [0x00AFAABD+2539405]
	GetHandleVerifier [0x00B3A78F+2800735]
	GetHandleVerifier [0x00B3456C+2775612]
	GetHandleVerifier [0x009251E0+616112]
	(No symbol) [0x00835F8C]
	(No symbol) [0x00714F64]
	(No symbol) [0x00714912]
	GetHandleVerifier [0x00B6159C+2959980]
	BaseThreadInitThunk [0x75A9FCC9+25]
	RtlGetAppContainerNamedObjectPath [0x775C7B1E+286]
	RtlGetAppContainerNamedObjectPath [0x775C7AEE+238]
, error=invalid session id, message=invalid session id}
Build info: version: &amp;apos;3.1.0&amp;apos;, revision: &amp;apos;b94c902&amp;apos;, time: &amp;apos;2017-02-16 12:21:31 -0800&amp;apos;
System info: host: &amp;apos;LT-2001071&amp;apos;, ip: &amp;apos;192.168.8.111&amp;apos;, os.name: &amp;apos;Windows 10&amp;apos;, os.arch: &amp;apos;amd64&amp;apos;, os.version: &amp;apos;10.0&amp;apos;, java.version: &amp;apos;16.0.2&amp;apos;
Driver info: driver.version: RemoteWebDriver">
      <![CDATA[org.openqa.selenium.WebDriverException: Returned value cannot be converted to WebElement: {stacktrace=Backtrace:
	GetHandleVerifier [0x0089A813+48355]
	(No symbol) [0x0082C4B1]
	(No symbol) [0x00735220]
	(No symbol) [0x00757C7C]
	(No symbol) [0x0077A636]
	(No symbol) [0x007770CD]
	(No symbol) [0x00776B3A]
	(No symbol) [0x00715311]
	(No symbol) [0x0071571E]
	(No symbol) [0x00715AFA]
	GetHandleVerifier [0x00AFAABD+2539405]
	GetHandleVerifier [0x00B3A78F+2800735]
	GetHandleVerifier [0x00B3456C+2775612]
	GetHandleVerifier [0x009251E0+616112]
	(No symbol) [0x00835F8C]
	(No symbol) [0x00714F64]
	(No symbol) [0x00714912]
	GetHandleVerifier [0x00B6159C+2959980]
	BaseThreadInitThunk [0x75A9FCC9+25]
	RtlGetAppContainerNamedObjectPath [0x775C7B1E+286]
	RtlGetAppContainerNamedObjectPath [0x775C7AEE+238]
, error=invalid session id, message=invalid session id}
Build info: version: '3.1.0', revision: 'b94c902', time: '2017-02-16 12:21:31 -0800'
System info: host: 'LT-2001071', ip: '192.168.8.111', os.name: 'Windows 10', os.arch: 'amd64', os.version: '10.0', java.version: '16.0.2'
Driver info: driver.version: RemoteWebDriver
	at org.openqa.selenium.remote.RemoteWebDriver.findElement(RemoteWebDriver.java:375)
	at org.openqa.selenium.remote.RemoteWebDriver.findElementById(RemoteWebDriver.java:417)
	at testcase.TC002.testcase1(TC002.java:28)
Caused by: java.lang.ClassCastException: class com.google.common.collect.Maps$TransformedEntriesMap cannot be cast to class org.openqa.selenium.WebElement (com.google.common.collect.Maps$TransformedEntriesMap and org.openqa.selenium.WebElement are in unnamed module of loader 'app')
	at org.openqa.selenium.remote.RemoteWebDriver.findElement(RemoteWebDriver.java:373)
	... 30 more
... Removed 28 stack frames]]>
    </failure>
  </testcase> <!-- testcase1 -->
  <testcase classname="testcase.TC003" name="testcase1" time="2.244">
    <failure type="org.openqa.selenium.WebDriverException" message="Returned value cannot be converted to WebElement: {stacktrace=Backtrace:
	GetHandleVerifier [0x0089A813+48355]
	(No symbol) [0x0082C4B1]
	(No symbol) [0x00735220]
	(No symbol) [0x00757C7C]
	(No symbol) [0x0077A636]
	(No symbol) [0x007770CD]
	(No symbol) [0x00776B3A]
	(No symbol) [0x00715311]
	(No symbol) [0x0071571E]
	(No symbol) [0x00715AFA]
	GetHandleVerifier [0x00AFAABD+2539405]
	GetHandleVerifier [0x00B3A78F+2800735]
	GetHandleVerifier [0x00B3456C+2775612]
	GetHandleVerifier [0x009251E0+616112]
	(No symbol) [0x00835F8C]
	(No symbol) [0x00714F64]
	(No symbol) [0x00714912]
	GetHandleVerifier [0x00B6159C+2959980]
	BaseThreadInitThunk [0x75A9FCC9+25]
	RtlGetAppContainerNamedObjectPath [0x775C7B1E+286]
	RtlGetAppContainerNamedObjectPath [0x775C7AEE+238]
, error=invalid session id, message=invalid session id}
Build info: version: &amp;apos;3.1.0&amp;apos;, revision: &amp;apos;b94c902&amp;apos;, time: &amp;apos;2017-02-16 12:21:31 -0800&amp;apos;
System info: host: &amp;apos;LT-2001071&amp;apos;, ip: &amp;apos;192.168.8.111&amp;apos;, os.name: &amp;apos;Windows 10&amp;apos;, os.arch: &amp;apos;amd64&amp;apos;, os.version: &amp;apos;10.0&amp;apos;, java.version: &amp;apos;16.0.2&amp;apos;
Driver info: driver.version: RemoteWebDriver">
      <![CDATA[org.openqa.selenium.WebDriverException: Returned value cannot be converted to WebElement: {stacktrace=Backtrace:
	GetHandleVerifier [0x0089A813+48355]
	(No symbol) [0x0082C4B1]
	(No symbol) [0x00735220]
	(No symbol) [0x00757C7C]
	(No symbol) [0x0077A636]
	(No symbol) [0x007770CD]
	(No symbol) [0x00776B3A]
	(No symbol) [0x00715311]
	(No symbol) [0x0071571E]
	(No symbol) [0x00715AFA]
	GetHandleVerifier [0x00AFAABD+2539405]
	GetHandleVerifier [0x00B3A78F+2800735]
	GetHandleVerifier [0x00B3456C+2775612]
	GetHandleVerifier [0x009251E0+616112]
	(No symbol) [0x00835F8C]
	(No symbol) [0x00714F64]
	(No symbol) [0x00714912]
	GetHandleVerifier [0x00B6159C+2959980]
	BaseThreadInitThunk [0x75A9FCC9+25]
	RtlGetAppContainerNamedObjectPath [0x775C7B1E+286]
	RtlGetAppContainerNamedObjectPath [0x775C7AEE+238]
, error=invalid session id, message=invalid session id}
Build info: version: '3.1.0', revision: 'b94c902', time: '2017-02-16 12:21:31 -0800'
System info: host: 'LT-2001071', ip: '192.168.8.111', os.name: 'Windows 10', os.arch: 'amd64', os.version: '10.0', java.version: '16.0.2'
Driver info: driver.version: RemoteWebDriver
	at org.openqa.selenium.remote.RemoteWebDriver.findElement(RemoteWebDriver.java:375)
	at org.openqa.selenium.remote.RemoteWebDriver.findElementById(RemoteWebDriver.java:417)
	at testcase.TC003.testcase1(TC003.java:28)
Caused by: java.lang.ClassCastException: class com.google.common.collect.Maps$TransformedEntriesMap cannot be cast to class org.openqa.selenium.WebElement (com.google.common.collect.Maps$TransformedEntriesMap and org.openqa.selenium.WebElement are in unnamed module of loader 'app')
	at org.openqa.selenium.remote.RemoteWebDriver.findElement(RemoteWebDriver.java:373)
	... 30 more
... Removed 28 stack frames]]>
    </failure>
  </testcase> <!-- testcase1 -->
</testsuite> <!-- Test -->
