<?xml version="1.0" encoding="UTF-8"?>
<testng-results ignored="0" total="1" passed="1" failed="0" skipped="0">
  <reporter-output>
  </reporter-output>
  <suite started-at="2023-10-15T19:19:51Z" name="Default suite" finished-at="2023-10-15T19:19:59Z" duration-ms="7906">
    <groups>
    </groups>
    <test started-at="2023-10-15T19:19:51Z" name="Default test" finished-at="2023-10-15T19:19:59Z" duration-ms="7906">
      <class name="uk.co.automationtesting.OrderCompleteTest">
        <test-method is-config="true" signature="setup()[pri:0, instance:uk.co.automationtesting.OrderCompleteTest@3148f668]" started-at="2023-10-15T21:19:51Z" name="setup" finished-at="2023-10-15T21:19:53Z" duration-ms="2272" status="PASS">
          <reporter-output>
          </reporter-output>
        </test-method> <!-- setup -->
        <test-method signature="endToEndTest()[pri:0, instance:uk.co.automationtesting.OrderCompleteTest@3148f668]" started-at="2023-10-15T21:19:53Z" name="endToEndTest" finished-at="2023-10-15T21:19:59Z" duration-ms="5491" status="PASS">
          <reporter-output>
          </reporter-output>
        </test-method> <!-- endToEndTest -->
        <test-method is-config="true" signature="tearDown()[pri:0, instance:uk.co.automationtesting.OrderCompleteTest@3148f668]" started-at="2023-10-15T21:19:59Z" name="tearDown" finished-at="2023-10-15T21:19:59Z" duration-ms="130" status="PASS">
          <reporter-output>
          </reporter-output>
        </test-method> <!-- tearDown -->
      </class> <!-- uk.co.automationtesting.OrderCompleteTest -->
    </test> <!-- Default test -->
  </suite> <!-- Default suite -->
</testng-results>
