<?xml version="1.0" encoding="UTF-8"?>
<testng-results ignored="0" total="1" passed="1" failed="0" skipped="0">
  <reporter-output>
  </reporter-output>
  <suite started-at="2023-10-15T19:33:49Z" name="Default suite" finished-at="2023-10-15T19:33:54Z" duration-ms="4940">
    <groups>
    </groups>
    <test started-at="2023-10-15T19:33:49Z" name="Default test" finished-at="2023-10-15T19:33:54Z" duration-ms="4940">
      <class name="uk.co.automationtesting.OrderCompleteTest">
        <test-method is-config="true" signature="setup()[pri:0, instance:uk.co.automationtesting.OrderCompleteTest@3148f668]" started-at="2023-10-15T21:33:49Z" name="setup" finished-at="2023-10-15T21:33:51Z" duration-ms="2345" status="PASS">
          <reporter-output>
          </reporter-output>
        </test-method> <!-- setup -->
        <test-method signature="endToEndTest()[pri:0, instance:uk.co.automationtesting.OrderCompleteTest@3148f668]" started-at="2023-10-15T21:33:51Z" name="endToEndTest" finished-at="2023-10-15T21:33:54Z" duration-ms="2419" status="PASS">
          <reporter-output>
          </reporter-output>
        </test-method> <!-- endToEndTest -->
        <test-method is-config="true" signature="tearDown()[pri:0, instance:uk.co.automationtesting.OrderCompleteTest@3148f668]" started-at="2023-10-15T21:33:54Z" name="tearDown" finished-at="2023-10-15T21:33:54Z" duration-ms="156" status="PASS">
          <reporter-output>
          </reporter-output>
        </test-method> <!-- tearDown -->
      </class> <!-- uk.co.automationtesting.OrderCompleteTest -->
    </test> <!-- Default test -->
  </suite> <!-- Default suite -->
</testng-results>
